  [1m[35m (237.4ms)[0m  [1m[35mCREATE DATABASE "voxlane_development" ENCODING = 'unicode'[0m
  [1m[35m (73.7ms)[0m  [1m[35mCREATE DATABASE "voxlane_test" ENCODING = 'unicode'[0m
  [1m[35m (33.1ms)[0m  [1m[35mCREATE TABLE "schema_migrations" ("version" character varying NOT NULL PRIMARY KEY)[0m
  [1m[35m (9.7ms)[0m  [1m[35mCREATE TABLE "ar_internal_metadata" ("key" character varying NOT NULL PRIMARY KEY, "value" character varying, "created_at" timestamp(6) NOT NULL, "updated_at" timestamp(6) NOT NULL)[0m
  [1m[35m (0.5ms)[0m  [1m[34mSELECT pg_try_advisory_lock(4152557650989224820)[0m
  [1m[36mActiveRecord::SchemaMigration Load (3.3ms)[0m  [1m[34mSELECT "schema_migrations"."version" FROM "schema_migrations" ORDER BY "schema_migrations"."version" ASC[0m
  [1m[36mActiveRecord::InternalMetadata Load (8.1ms)[0m  [1m[34mSELECT * FROM "ar_internal_metadata" WHERE "ar_internal_metadata"."key" = $1 ORDER BY "ar_internal_metadata"."key" ASC LIMIT 1[0m  [[nil, "environment"]]
  [1m[36mActiveRecord::InternalMetadata Create (1.4ms)[0m  [1m[32mINSERT INTO "ar_internal_metadata" ("key", "value", "created_at", "updated_at") VALUES ('environment', 'development', '2026-03-07 19:14:27.478846', '2026-03-07 19:14:27.478848') RETURNING "key"[0m
Migrating to CreateUsers (20260307190808)
  [1m[36mTRANSACTION (0.1ms)[0m  [1m[35mBEGIN[0m
  [1m[35m (7.5ms)[0m  [1m[35mCREATE TABLE "users" ("id" bigserial primary key, "supabase_uid" character varying NOT NULL, "email" character varying, "display_name" character varying, "last_seen_at" timestamp(6), "profile" jsonb DEFAULT '{}' NOT NULL, "created_at" timestamp(6) NOT NULL, "updated_at" timestamp(6) NOT NULL)[0m
  [1m[35m (1.0ms)[0m  [1m[35mCREATE UNIQUE INDEX "index_users_on_supabase_uid" ON "users" ("supabase_uid")[0m
  [1m[35m (0.6ms)[0m  [1m[35mCREATE UNIQUE INDEX "index_users_on_email" ON "users" ("email")[0m
  [1m[36mActiveRecord::SchemaMigration Create (0.9ms)[0m  [1m[32mINSERT INTO "schema_migrations" ("version") VALUES ('20260307190808') RETURNING "version"[0m
  [1m[36mTRANSACTION (0.4ms)[0m  [1m[35mCOMMIT[0m
Migrating to CreateBillingCustomers (20260307190809)
  [1m[36mTRANSACTION (0.1ms)[0m  [1m[35mBEGIN[0m
  [1m[35m (4.3ms)[0m  [1m[35mCREATE TABLE "billing_customers" ("id" bigserial primary key, "user_id" bigint NOT NULL, "provider" character varying NOT NULL, "external_customer_id" character varying NOT NULL, "livemode" boolean DEFAULT FALSE NOT NULL, "metadata" jsonb DEFAULT '{}' NOT NULL, "created_at" timestamp(6) NOT NULL, "updated_at" timestamp(6) NOT NULL, CONSTRAINT "fk_rails_ed9146943b"
FOREIGN KEY ("user_id")
  REFERENCES "users" ("id")
)[0m
  [1m[35m (1.1ms)[0m  [1m[35mCREATE INDEX "index_billing_customers_on_user_id" ON "billing_customers" ("user_id")[0m
  [1m[35m (0.4ms)[0m  [1m[35mCREATE UNIQUE INDEX "index_billing_customers_on_provider_and_external_customer_id" ON "billing_customers" ("provider", "external_customer_id")[0m
  [1m[35m (0.5ms)[0m  [1m[35mCREATE UNIQUE INDEX "index_billing_customers_on_user_id_and_provider" ON "billing_customers" ("user_id", "provider")[0m
  [1m[36mActiveRecord::SchemaMigration Create (0.1ms)[0m  [1m[32mINSERT INTO "schema_migrations" ("version") VALUES ('20260307190809') RETURNING "version"[0m
  [1m[36mTRANSACTION (0.1ms)[0m  [1m[35mCOMMIT[0m
Migrating to CreateSubscriptions (20260307190810)
  [1m[36mTRANSACTION (0.2ms)[0m  [1m[35mBEGIN[0m
  [1m[35m (2.4ms)[0m  [1m[35mCREATE TABLE "subscriptions" ("id" bigserial primary key, "user_id" bigint NOT NULL, "billing_customer_id" bigint NOT NULL, "provider" character varying NOT NULL, "external_subscription_id" character varying NOT NULL, "external_price_id" character varying, "status" character varying NOT NULL, "current_period_end_at" timestamp(6), "cancel_at_period_end" boolean DEFAULT FALSE NOT NULL, "canceled_at" timestamp(6), "metadata" jsonb DEFAULT '{}' NOT NULL, "created_at" timestamp(6) NOT NULL, "updated_at" timestamp(6) NOT NULL, CONSTRAINT "fk_rails_933bdff476"
FOREIGN KEY ("user_id")
  REFERENCES "users" ("id")
, CONSTRAINT "fk_rails_2b878594ef"
FOREIGN KEY ("billing_customer_id")
  REFERENCES "billing_customers" ("id")
)[0m
  [1m[35m (0.5ms)[0m  [1m[35mCREATE INDEX "index_subscriptions_on_user_id" ON "subscriptions" ("user_id")[0m
  [1m[35m (0.4ms)[0m  [1m[35mCREATE INDEX "index_subscriptions_on_billing_customer_id" ON "subscriptions" ("billing_customer_id")[0m
  [1m[35m (0.6ms)[0m  [1m[35mCREATE UNIQUE INDEX "index_subscriptions_on_provider_and_external_subscription_id" ON "subscriptions" ("provider", "external_subscription_id")[0m
  [1m[35m (0.6ms)[0m  [1m[35mCREATE INDEX "index_subscriptions_on_user_id_and_provider" ON "subscriptions" ("user_id", "provider")[0m
  [1m[36mActiveRecord::SchemaMigration Create (0.2ms)[0m  [1m[32mINSERT INTO "schema_migrations" ("version") VALUES ('20260307190810') RETURNING "version"[0m
  [1m[36mTRANSACTION (0.8ms)[0m  [1m[35mCOMMIT[0m
Migrating to CreateEntitlements (20260307190811)
  [1m[36mTRANSACTION (0.4ms)[0m  [1m[35mBEGIN[0m
  [1m[35m (2.0ms)[0m  [1m[35mCREATE TABLE "entitlements" ("id" bigserial primary key, "user_id" bigint NOT NULL, "key" character varying NOT NULL, "status" character varying NOT NULL, "source" character varying NOT NULL, "active_from" timestamp(6), "active_until" timestamp(6), "trial_ends_at" timestamp(6), "last_synced_at" timestamp(6), "metadata" jsonb DEFAULT '{}' NOT NULL, "created_at" timestamp(6) NOT NULL, "updated_at" timestamp(6) NOT NULL, CONSTRAINT "fk_rails_108cd9b82e"
FOREIGN KEY ("user_id")
  REFERENCES "users" ("id")
)[0m
  [1m[35m (0.4ms)[0m  [1m[35mCREATE INDEX "index_entitlements_on_user_id" ON "entitlements" ("user_id")[0m
  [1m[35m (0.7ms)[0m  [1m[35mCREATE UNIQUE INDEX "index_entitlements_on_user_id_and_key" ON "entitlements" ("user_id", "key")[0m
  [1m[36mActiveRecord::SchemaMigration Create (0.1ms)[0m  [1m[32mINSERT INTO "schema_migrations" ("version") VALUES ('20260307190811') RETURNING "version"[0m
  [1m[36mTRANSACTION (0.5ms)[0m  [1m[35mCOMMIT[0m
Migrating to CreateWebhookEvents (20260307190812)
  [1m[36mTRANSACTION (0.2ms)[0m  [1m[35mBEGIN[0m
  [1m[35m (3.6ms)[0m  [1m[35mCREATE TABLE "webhook_events" ("id" bigserial primary key, "provider" character varying NOT NULL, "external_event_id" character varying NOT NULL, "event_type" character varying NOT NULL, "payload" jsonb DEFAULT '{}' NOT NULL, "processed_at" timestamp(6), "created_at" timestamp(6) NOT NULL, "updated_at" timestamp(6) NOT NULL)[0m
  [1m[35m (0.8ms)[0m  [1m[35mCREATE UNIQUE INDEX "index_webhook_events_on_provider_and_external_event_id" ON "webhook_events" ("provider", "external_event_id")[0m
  [1m[36mActiveRecord::SchemaMigration Create (0.1ms)[0m  [1m[32mINSERT INTO "schema_migrations" ("version") VALUES ('20260307190812') RETURNING "version"[0m
  [1m[36mTRANSACTION (0.4ms)[0m  [1m[35mCOMMIT[0m
Migrating to CreateDevices (20260307190813)
  [1m[36mTRANSACTION (0.1ms)[0m  [1m[35mBEGIN[0m
  [1m[35m (2.4ms)[0m  [1m[35mCREATE TABLE "devices" ("id" bigserial primary key, "user_id" bigint NOT NULL, "device_identifier" character varying NOT NULL, "platform" character varying, "app_version" character varying, "last_seen_at" timestamp(6), "metadata" jsonb DEFAULT '{}' NOT NULL, "created_at" timestamp(6) NOT NULL, "updated_at" timestamp(6) NOT NULL, CONSTRAINT "fk_rails_410b63ef65"
FOREIGN KEY ("user_id")
  REFERENCES "users" ("id")
)[0m
  [1m[35m (0.3ms)[0m  [1m[35mCREATE INDEX "index_devices_on_user_id" ON "devices" ("user_id")[0m
  [1m[35m (0.3ms)[0m  [1m[35mCREATE UNIQUE INDEX "index_devices_on_user_id_and_device_identifier" ON "devices" ("user_id", "device_identifier")[0m
  [1m[36mActiveRecord::SchemaMigration Create (0.1ms)[0m  [1m[32mINSERT INTO "schema_migrations" ("version") VALUES ('20260307190813') RETURNING "version"[0m
  [1m[36mTRANSACTION (0.4ms)[0m  [1m[35mCOMMIT[0m
  [1m[35m (0.8ms)[0m  [1m[34mSELECT pg_advisory_unlock(4152557650989224820)[0m
  [1m[36mActiveRecord::SchemaMigration Load (0.1ms)[0m  [1m[34mSELECT "schema_migrations"."version" FROM "schema_migrations" ORDER BY "schema_migrations"."version" ASC[0m
[dotenv] Set [36mDATABASE_URL[0m, [36mSUPABASE_URL[0m, [36mSUPABASE_ANON_KEY[0m, [36mSUPABASE_JWT_SECRET[0m, [36mSUPABASE_JWKS_URL[0m, [36mSUPABASE_JWT_AUD[0m, [36mSUPABASE_JWT_ISSUER[0m, [36mSTRIPE_SECRET_KEY[0m, [36mSTRIPE_WEBHOOK_SECRET[0m, [36mSTRIPE_PRO_PRICE_ID[0m, [36mFRONTEND_URL[0m, [36mCORS_ALLOWED_ORIGINS[0m, [36mSTRIPE_CHECKOUT_SUCCESS_URL[0m, [36mSTRIPE_CHECKOUT_CANCEL_URL[0m, [36mSTRIPE_PORTAL_RETURN_URL[0m, [36mSTRIPE_PRICE_LABEL[0m, [36mAPP_NAME[0m, [36mAPP_DOWNLOAD_URL[0m, [36mSPARKLE_APPCAST_URL[0m, [36mSPARKLE_DOWNLOAD_URL[0m, [36mSPARKLE_DOWNLOAD_LENGTH[0m, [36mSPARKLE_EDDSA_SIGNATURE[0m, [36mSPARKLE_LATEST_VERSION[0m, [36mSPARKLE_LATEST_BUILD[0m, [36mSPARKLE_MINIMUM_SYSTEM_VERSION[0m, [36mSPARKLE_RELEASE_NOTES_URL[0m, [36mSPARKLE_RELEASE_NOTES_ITEMS[0m, [36mSPARKLE_PUBLISHED_AT[0m, [36mTRIAL_DAYS[0m, [36mENTITLEMENT_KEY[0m
[dotenv] Loaded [33m.env.local[0m
  [1m[36mActiveRecord::SchemaMigration Load (12.6ms)[0m  [1m[34mSELECT "schema_migrations"."version" FROM "schema_migrations" ORDER BY "schema_migrations"."version" ASC[0m
[dotenv] Set [36mDATABASE_URL[0m, [36mSUPABASE_URL[0m, [36mSUPABASE_ANON_KEY[0m, [36mSUPABASE_JWT_SECRET[0m, [36mSUPABASE_JWKS_URL[0m, [36mSUPABASE_JWT_AUD[0m, [36mSUPABASE_JWT_ISSUER[0m, [36mSTRIPE_SECRET_KEY[0m, [36mSTRIPE_WEBHOOK_SECRET[0m, [36mSTRIPE_PRO_PRICE_ID[0m, [36mFRONTEND_URL[0m, [36mCORS_ALLOWED_ORIGINS[0m, [36mSTRIPE_CHECKOUT_SUCCESS_URL[0m, [36mSTRIPE_CHECKOUT_CANCEL_URL[0m, [36mSTRIPE_PORTAL_RETURN_URL[0m, [36mSTRIPE_PRICE_LABEL[0m, [36mAPP_NAME[0m, [36mAPP_DOWNLOAD_URL[0m, [36mSPARKLE_APPCAST_URL[0m, [36mSPARKLE_DOWNLOAD_URL[0m, [36mSPARKLE_DOWNLOAD_LENGTH[0m, [36mSPARKLE_EDDSA_SIGNATURE[0m, [36mSPARKLE_LATEST_VERSION[0m, [36mSPARKLE_LATEST_BUILD[0m, [36mSPARKLE_MINIMUM_SYSTEM_VERSION[0m, [36mSPARKLE_RELEASE_NOTES_URL[0m, [36mSPARKLE_RELEASE_NOTES_ITEMS[0m, [36mSPARKLE_PUBLISHED_AT[0m, [36mTRIAL_DAYS[0m, [36mENTITLEMENT_KEY[0m
[dotenv] Loaded [33m.env.local[0m
